2025-07-14 21:45:30,237 - INFO - Running command: sudo apt update
2025-07-14 21:45:33,172 - INFO - Command succeeded: sudo apt update
2025-07-14 21:45:33,177 - INFO - Running command: dpkg -l build-essential
2025-07-14 21:45:33,199 - INFO - Command succeeded: dpkg -l build-essential
2025-07-14 21:45:33,202 - DEBUG - STDOUT: Desired=Unknown/Install/Remove/Purge/Hold
| Status=Not/Inst/Conf-files/Unpacked/halF-conf/Half-inst/trig-aWait/Trig-pend
|/ Err?=(none)/Reinst-required (Status,Err: uppercase=bad)
||/ Name            Version      Architecture Description
+++-===============-============-============-==============================================
ii  build-essential 12.10ubuntu1 amd64        Informational list of build-essential packages
2025-07-14 21:45:33,205 - INFO - Running command: dpkg -l cmake
2025-07-14 21:45:33,226 - INFO - Command succeeded: dpkg -l cmake
2025-07-14 21:45:33,228 - DEBUG - STDOUT: Desired=Unknown/Install/Remove/Purge/Hold
| Status=Not/Inst/Conf-files/Unpacked/halF-conf/Half-inst/trig-aWait/Trig-pend
|/ Err?=(none)/Reinst-required (Status,Err: uppercase=bad)
||/ Name           Version        Architecture Description
+++-==============-==============-============-=======================================
ii  cmake          3.28.3-1build7 amd64        cross-platform, open-source make system
2025-07-14 21:45:33,231 - INFO - Running command: dpkg -l git
2025-07-14 21:45:33,252 - INFO - Command succeeded: dpkg -l git
2025-07-14 21:45:33,254 - DEBUG - STDOUT: Desired=Unknown/Install/Remove/Purge/Hold
| Status=Not/Inst/Conf-files/Unpacked/halF-conf/Half-inst/trig-aWait/Trig-pend
|/ Err?=(none)/Reinst-required (Status,Err: uppercase=bad)
||/ Name           Version                       Architecture Description
+++-==============-=============================-============-===================================================
ii  git            1:2.49.0-2~ppa1~ubuntu24.04.1 amd64        fast, scalable, distributed revision control system
2025-07-14 21:45:33,258 - INFO - Running command: dpkg -l pkg-config
2025-07-14 21:45:33,279 - INFO - Command succeeded: dpkg -l pkg-config
2025-07-14 21:45:33,281 - DEBUG - STDOUT: Desired=Unknown/Install/Remove/Purge/Hold
| Status=Not/Inst/Conf-files/Unpacked/halF-conf/Half-inst/trig-aWait/Trig-pend
|/ Err?=(none)/Reinst-required (Status,Err: uppercase=bad)
||/ Name             Version       Architecture Description
+++-================-=============-============-==================================================================
ii  pkg-config:amd64 1.8.1-2build1 amd64        manage compile and link flags for libraries (transitional package)
2025-07-14 21:45:33,285 - INFO - Running command: dpkg -l qt6-base-dev
2025-07-14 21:45:33,305 - INFO - Command succeeded: dpkg -l qt6-base-dev
2025-07-14 21:45:33,308 - DEBUG - STDOUT: Desired=Unknown/Install/Remove/Purge/Hold
| Status=Not/Inst/Conf-files/Unpacked/halF-conf/Half-inst/trig-aWait/Trig-pend
|/ Err?=(none)/Reinst-required (Status,Err: uppercase=bad)
||/ Name               Version               Architecture Description
+++-==================-=====================-============-=================================
ii  qt6-base-dev:amd64 6.4.2+dfsg-21.1build5 amd64        Qt 6 base development files
2025-07-14 21:45:33,311 - INFO - Running command: dpkg -l qt6-tools-dev
2025-07-14 21:45:33,332 - INFO - Command succeeded: dpkg -l qt6-tools-dev
2025-07-14 21:45:33,334 - DEBUG - STDOUT: Desired=Unknown/Install/Remove/Purge/Hold
| Status=Not/Inst/Conf-files/Unpacked/halF-conf/Half-inst/trig-aWait/Trig-pend
|/ Err?=(none)/Reinst-required (Status,Err: uppercase=bad)
||/ Name                Version       Architecture Description
+++-===================-=============-============-=================================
ii  qt6-tools-dev:amd64 6.4.2-3build3 amd64        Qt 6 Tools - development files
2025-07-14 21:45:33,337 - INFO - Running command: dpkg -l qt6-tools-dev-tools
2025-07-14 21:45:33,359 - INFO - Command succeeded: dpkg -l qt6-tools-dev-tools
2025-07-14 21:45:33,361 - DEBUG - STDOUT: Desired=Unknown/Install/Remove/Purge/Hold
| Status=Not/Inst/Conf-files/Unpacked/halF-conf/Half-inst/trig-aWait/Trig-pend
|/ Err?=(none)/Reinst-required (Status,Err: uppercase=bad)
||/ Name                Version       Architecture Description
+++-===================-=============-============-=================================
ii  qt6-tools-dev-tools 6.4.2-3build3 amd64        Qt 6 development tools
2025-07-14 21:45:33,364 - INFO - Running command: dpkg -l libqt6core6
2025-07-14 21:45:33,385 - INFO - Command succeeded: dpkg -l libqt6core6
2025-07-14 21:45:33,387 - DEBUG - STDOUT: Desired=Unknown/Install/Remove/Purge/Hold
| Status=Not/Inst/Conf-files/Unpacked/halF-conf/Half-inst/trig-aWait/Trig-pend
|/ Err?=(none)/Reinst-required (Status,Err: uppercase=bad)
||/ Name           Version      Architecture Description
+++-==============-============-============-=================================
un  libqt6core6    <none>       <none>       (no description available)
2025-07-14 21:45:33,391 - INFO - Running command: dpkg -l libqt6gui6
2025-07-14 21:45:33,412 - INFO - Command succeeded: dpkg -l libqt6gui6
2025-07-14 21:45:33,414 - DEBUG - STDOUT: Desired=Unknown/Install/Remove/Purge/Hold
| Status=Not/Inst/Conf-files/Unpacked/halF-conf/Half-inst/trig-aWait/Trig-pend
|/ Err?=(none)/Reinst-required (Status,Err: uppercase=bad)
||/ Name           Version      Architecture Description
+++-==============-============-============-=================================
un  libqt6gui6     <none>       <none>       (no description available)
2025-07-14 21:45:33,417 - INFO - Running command: dpkg -l libqt6widgets6
2025-07-14 21:45:33,438 - INFO - Command succeeded: dpkg -l libqt6widgets6
2025-07-14 21:45:33,441 - DEBUG - STDOUT: Desired=Unknown/Install/Remove/Purge/Hold
| Status=Not/Inst/Conf-files/Unpacked/halF-conf/Half-inst/trig-aWait/Trig-pend
|/ Err?=(none)/Reinst-required (Status,Err: uppercase=bad)
||/ Name           Version      Architecture Description
+++-==============-============-============-=================================
un  libqt6widgets6 <none>       <none>       (no description available)
2025-07-14 21:45:33,444 - INFO - Running command: dpkg -l libqt6network6
2025-07-14 21:45:33,465 - INFO - Command succeeded: dpkg -l libqt6network6
2025-07-14 21:45:33,467 - DEBUG - STDOUT: Desired=Unknown/Install/Remove/Purge/Hold
| Status=Not/Inst/Conf-files/Unpacked/halF-conf/Half-inst/trig-aWait/Trig-pend
|/ Err?=(none)/Reinst-required (Status,Err: uppercase=bad)
||/ Name           Version      Architecture Description
+++-==============-============-============-=================================
un  libqt6network6 <none>       <none>       (no description available)
2025-07-14 21:45:33,470 - INFO - Running command: dpkg -l libqt6xml6
2025-07-14 21:45:33,491 - INFO - Command succeeded: dpkg -l libqt6xml6
2025-07-14 21:45:33,493 - DEBUG - STDOUT: Desired=Unknown/Install/Remove/Purge/Hold
| Status=Not/Inst/Conf-files/Unpacked/halF-conf/Half-inst/trig-aWait/Trig-pend
|/ Err?=(none)/Reinst-required (Status,Err: uppercase=bad)
||/ Name           Version      Architecture Description
+++-==============-============-============-=================================
un  libqt6xml6     <none>       <none>       (no description available)
2025-07-14 21:45:33,496 - INFO - Running command: dpkg -l qt6-qpa-plugins
2025-07-14 21:45:33,518 - INFO - Command succeeded: dpkg -l qt6-qpa-plugins
2025-07-14 21:45:33,520 - DEBUG - STDOUT: Desired=Unknown/Install/Remove/Purge/Hold
| Status=Not/Inst/Conf-files/Unpacked/halF-conf/Half-inst/trig-aWait/Trig-pend
|/ Err?=(none)/Reinst-required (Status,Err: uppercase=bad)
||/ Name                  Version               Architecture Description
+++-=====================-=====================-============-=================================
ii  qt6-qpa-plugins:amd64 6.4.2+dfsg-21.1build5 amd64        Qt 6 QPA plugins
2025-07-14 21:45:33,524 - INFO - Running command: dpkg -l libgl1-mesa-dev
2025-07-14 21:45:33,544 - INFO - Command succeeded: dpkg -l libgl1-mesa-dev
2025-07-14 21:45:33,547 - DEBUG - STDOUT: Desired=Unknown/Install/Remove/Purge/Hold
| Status=Not/Inst/Conf-files/Unpacked/halF-conf/Half-inst/trig-aWait/Trig-pend
|/ Err?=(none)/Reinst-required (Status,Err: uppercase=bad)
||/ Name                  Version                 Architecture Description
+++-=====================-=======================-============-=================================
ii  libgl1-mesa-dev:amd64 24.2.8-1ubuntu1~24.04.1 amd64        transitional dummy package
2025-07-14 21:45:33,550 - INFO - Running command: dpkg -l libglu1-mesa-dev
2025-07-14 21:45:33,571 - INFO - Command succeeded: dpkg -l libglu1-mesa-dev
2025-07-14 21:45:33,574 - DEBUG - STDOUT: Desired=Unknown/Install/Remove/Purge/Hold
| Status=Not/Inst/Conf-files/Unpacked/halF-conf/Half-inst/trig-aWait/Trig-pend
|/ Err?=(none)/Reinst-required (Status,Err: uppercase=bad)
||/ Name                   Version         Architecture Description
+++-======================-===============-============-================================================
ii  libglu1-mesa-dev:amd64 9.0.2-1.1build1 amd64        Mesa OpenGL utility library -- development files
2025-07-14 21:45:33,577 - INFO - Running command: dpkg -l libxkbcommon-dev
2025-07-14 21:45:33,598 - INFO - Command succeeded: dpkg -l libxkbcommon-dev
2025-07-14 21:45:33,600 - DEBUG - STDOUT: Desired=Unknown/Install/Remove/Purge/Hold
| Status=Not/Inst/Conf-files/Unpacked/halF-conf/Half-inst/trig-aWait/Trig-pend
|/ Err?=(none)/Reinst-required (Status,Err: uppercase=bad)
||/ Name                   Version       Architecture Description
+++-======================-=============-============-=========================================================
ii  libxkbcommon-dev:amd64 1.6.0-1build1 amd64        library interface to the XKB compiler - development files
2025-07-14 21:45:33,604 - INFO - Running command: dpkg -l libxcb-xinerama0-dev
2025-07-14 21:45:33,625 - INFO - Command succeeded: dpkg -l libxcb-xinerama0-dev
2025-07-14 21:45:33,627 - DEBUG - STDOUT: Desired=Unknown/Install/Remove/Purge/Hold
| Status=Not/Inst/Conf-files/Unpacked/halF-conf/Half-inst/trig-aWait/Trig-pend
|/ Err?=(none)/Reinst-required (Status,Err: uppercase=bad)
||/ Name                       Version       Architecture Description
+++-==========================-=============-============-==================================================
ii  libxcb-xinerama0-dev:amd64 1.15-1ubuntu2 amd64        X C Binding, xinerama extension, development files
2025-07-14 21:45:33,631 - INFO - Running command: dpkg -l libxcb-cursor-dev
2025-07-14 21:45:33,652 - INFO - Command succeeded: dpkg -l libxcb-cursor-dev
2025-07-14 21:45:33,654 - DEBUG - STDOUT: Desired=Unknown/Install/Remove/Purge/Hold
| Status=Not/Inst/Conf-files/Unpacked/halF-conf/Half-inst/trig-aWait/Trig-pend
|/ Err?=(none)/Reinst-required (Status,Err: uppercase=bad)
||/ Name                    Version       Architecture Description
+++-=======================-=============-============-==============================================================
ii  libxcb-cursor-dev:amd64 0.1.4-1build1 amd64        utility libraries for X C Binding -- cursor, development files
2025-07-14 21:45:33,658 - INFO - Running command: dpkg -l libfontconfig1-dev
2025-07-14 21:45:33,679 - INFO - Command succeeded: dpkg -l libfontconfig1-dev
2025-07-14 21:45:33,681 - DEBUG - STDOUT: Desired=Unknown/Install/Remove/Purge/Hold
| Status=Not/Inst/Conf-files/Unpacked/halF-conf/Half-inst/trig-aWait/Trig-pend
|/ Err?=(none)/Reinst-required (Status,Err: uppercase=bad)
||/ Name                     Version           Architecture Description
+++-========================-=================-============-==================================================
ii  libfontconfig1-dev:amd64 2.15.0-1.1ubuntu2 amd64        generic font configuration library - dummy package
2025-07-14 21:45:33,684 - INFO - Running command: dpkg -l libfreetype6-dev
2025-07-14 21:45:33,705 - INFO - Command succeeded: dpkg -l libfreetype6-dev
2025-07-14 21:45:33,707 - DEBUG - STDOUT: Desired=Unknown/Install/Remove/Purge/Hold
| Status=Not/Inst/Conf-files/Unpacked/halF-conf/Half-inst/trig-aWait/Trig-pend
|/ Err?=(none)/Reinst-required (Status,Err: uppercase=bad)
||/ Name             Version      Architecture Description
+++-================-============-============-=================================
un  libfreetype6-dev <none>       <none>       (no description available)
2025-07-14 21:45:33,710 - INFO - Running command: dpkg -l libx11-dev
2025-07-14 21:45:33,731 - INFO - Command succeeded: dpkg -l libx11-dev
2025-07-14 21:45:33,733 - DEBUG - STDOUT: Desired=Unknown/Install/Remove/Purge/Hold
| Status=Not/Inst/Conf-files/Unpacked/halF-conf/Half-inst/trig-aWait/Trig-pend
|/ Err?=(none)/Reinst-required (Status,Err: uppercase=bad)
||/ Name             Version         Architecture Description
+++-================-===============-============-=============================================
ii  libx11-dev:amd64 2:1.8.7-1build1 amd64        X11 client-side library (development headers)
2025-07-14 21:45:33,737 - INFO - Running command: dpkg -l libxext-dev
2025-07-14 21:45:33,758 - INFO - Command succeeded: dpkg -l libxext-dev
2025-07-14 21:45:33,760 - DEBUG - STDOUT: Desired=Unknown/Install/Remove/Purge/Hold
| Status=Not/Inst/Conf-files/Unpacked/halF-conf/Half-inst/trig-aWait/Trig-pend
|/ Err?=(none)/Reinst-required (Status,Err: uppercase=bad)
||/ Name              Version         Architecture Description
+++-=================-===============-============-==========================================================
ii  libxext-dev:amd64 2:1.3.4-1build2 amd64        X11 miscellaneous extensions library (development headers)
2025-07-14 21:45:33,763 - INFO - Running command: dpkg -l libxfixes-dev
2025-07-14 21:45:33,784 - INFO - Command succeeded: dpkg -l libxfixes-dev
2025-07-14 21:45:33,787 - DEBUG - STDOUT: Desired=Unknown/Install/Remove/Purge/Hold
| Status=Not/Inst/Conf-files/Unpacked/halF-conf/Half-inst/trig-aWait/Trig-pend
|/ Err?=(none)/Reinst-required (Status,Err: uppercase=bad)
||/ Name                Version         Architecture Description
+++-===================-===============-============-=================================================================
ii  libxfixes-dev:amd64 1:6.0.0-2build1 amd64        X11 miscellaneous 'fixes' extension library (development headers)
2025-07-14 21:45:33,790 - INFO - Running command: dpkg -l libxi-dev
2025-07-14 21:45:33,812 - INFO - Command succeeded: dpkg -l libxi-dev
2025-07-14 21:45:33,815 - DEBUG - STDOUT: Desired=Unknown/Install/Remove/Purge/Hold
| Status=Not/Inst/Conf-files/Unpacked/halF-conf/Half-inst/trig-aWait/Trig-pend
|/ Err?=(none)/Reinst-required (Status,Err: uppercase=bad)
||/ Name            Version         Architecture Description
+++-===============-===============-============-=================================================
ii  libxi-dev:amd64 2:1.8.1-1build1 amd64        X11 Input extension library (development headers)
2025-07-14 21:45:33,818 - INFO - Running command: dpkg -l libxrender-dev
2025-07-14 21:45:33,839 - INFO - Command succeeded: dpkg -l libxrender-dev
2025-07-14 21:45:33,841 - DEBUG - STDOUT: Desired=Unknown/Install/Remove/Purge/Hold
| Status=Not/Inst/Conf-files/Unpacked/halF-conf/Half-inst/trig-aWait/Trig-pend
|/ Err?=(none)/Reinst-required (Status,Err: uppercase=bad)
||/ Name                 Version            Architecture Description
+++-====================-==================-============-========================================================
ii  libxrender-dev:amd64 1:0.9.10-1.1build1 amd64        X Rendering Extension client library (development files)
2025-07-14 21:45:33,845 - INFO - Running command: dpkg -l libxcb1-dev
2025-07-14 21:45:33,866 - INFO - Command succeeded: dpkg -l libxcb1-dev
2025-07-14 21:45:33,868 - DEBUG - STDOUT: Desired=Unknown/Install/Remove/Purge/Hold
| Status=Not/Inst/Conf-files/Unpacked/halF-conf/Half-inst/trig-aWait/Trig-pend
|/ Err?=(none)/Reinst-required (Status,Err: uppercase=bad)
||/ Name              Version       Architecture Description
+++-=================-=============-============-=================================
ii  libxcb1-dev:amd64 1.15-1ubuntu2 amd64        X C Binding, development files
2025-07-14 21:45:33,871 - INFO - Running command: dpkg -l libx11-xcb-dev
2025-07-14 21:45:33,892 - INFO - Command succeeded: dpkg -l libx11-xcb-dev
2025-07-14 21:45:33,894 - DEBUG - STDOUT: Desired=Unknown/Install/Remove/Purge/Hold
| Status=Not/Inst/Conf-files/Unpacked/halF-conf/Half-inst/trig-aWait/Trig-pend
|/ Err?=(none)/Reinst-required (Status,Err: uppercase=bad)
||/ Name                 Version         Architecture Description
+++-====================-===============-============-================================================
ii  libx11-xcb-dev:amd64 2:1.8.7-1build1 amd64        Xlib/XCB interface library (development headers)
2025-07-14 21:45:33,898 - INFO - Running command: dpkg -l libxcb-glx0-dev
2025-07-14 21:45:33,920 - INFO - Command succeeded: dpkg -l libxcb-glx0-dev
2025-07-14 21:45:33,922 - DEBUG - STDOUT: Desired=Unknown/Install/Remove/Purge/Hold
| Status=Not/Inst/Conf-files/Unpacked/halF-conf/Half-inst/trig-aWait/Trig-pend
|/ Err?=(none)/Reinst-required (Status,Err: uppercase=bad)
||/ Name                  Version       Architecture Description
+++-=====================-=============-============-=============================================
ii  libxcb-glx0-dev:amd64 1.15-1ubuntu2 amd64        X C Binding, glx extension, development files
2025-07-14 21:45:33,925 - INFO - Running command: dpkg -l libxcb-keysyms1-dev
2025-07-14 21:45:33,946 - INFO - Command succeeded: dpkg -l libxcb-keysyms1-dev
2025-07-14 21:45:33,949 - DEBUG - STDOUT: Desired=Unknown/Install/Remove/Purge/Hold
| Status=Not/Inst/Conf-files/Unpacked/halF-conf/Half-inst/trig-aWait/Trig-pend
|/ Err?=(none)/Reinst-required (Status,Err: uppercase=bad)
||/ Name                      Version       Architecture Description
+++-=========================-=============-============-===============================================================
ii  libxcb-keysyms1-dev:amd64 0.4.0-1build4 amd64        utility libraries for X C Binding -- keysyms, development files
2025-07-14 21:45:33,952 - INFO - Running command: dpkg -l libxcb-image0-dev
2025-07-14 21:45:33,973 - INFO - Command succeeded: dpkg -l libxcb-image0-dev
2025-07-14 21:45:33,975 - DEBUG - STDOUT: Desired=Unknown/Install/Remove/Purge/Hold
| Status=Not/Inst/Conf-files/Unpacked/halF-conf/Half-inst/trig-aWait/Trig-pend
|/ Err?=(none)/Reinst-required (Status,Err: uppercase=bad)
||/ Name                    Version       Architecture Description
+++-=======================-=============-============-=============================================================
ii  libxcb-image0-dev:amd64 0.4.0-2build1 amd64        utility libraries for X C Binding -- image, development files
2025-07-14 21:45:33,979 - INFO - Running command: dpkg -l libxcb-shm0-dev
2025-07-14 21:45:34,000 - INFO - Command succeeded: dpkg -l libxcb-shm0-dev
2025-07-14 21:45:34,002 - DEBUG - STDOUT: Desired=Unknown/Install/Remove/Purge/Hold
| Status=Not/Inst/Conf-files/Unpacked/halF-conf/Half-inst/trig-aWait/Trig-pend
|/ Err?=(none)/Reinst-required (Status,Err: uppercase=bad)
||/ Name                  Version       Architecture Description
+++-=====================-=============-============-=============================================
ii  libxcb-shm0-dev:amd64 1.15-1ubuntu2 amd64        X C Binding, shm extension, development files
2025-07-14 21:45:34,005 - INFO - Running command: dpkg -l libxcb-icccm4-dev
2025-07-14 21:45:34,028 - INFO - Command succeeded: dpkg -l libxcb-icccm4-dev
2025-07-14 21:45:34,031 - DEBUG - STDOUT: Desired=Unknown/Install/Remove/Purge/Hold
| Status=Not/Inst/Conf-files/Unpacked/halF-conf/Half-inst/trig-aWait/Trig-pend
|/ Err?=(none)/Reinst-required (Status,Err: uppercase=bad)
||/ Name                    Version         Architecture Description
+++-=======================-===============-============-=============================================================
ii  libxcb-icccm4-dev:amd64 0.4.1-1.1build3 amd64        utility libraries for X C Binding -- icccm, development files
2025-07-14 21:45:34,034 - INFO - Running command: dpkg -l libxcb-sync-dev
2025-07-14 21:45:34,055 - INFO - Command succeeded: dpkg -l libxcb-sync-dev
2025-07-14 21:45:34,057 - DEBUG - STDOUT: Desired=Unknown/Install/Remove/Purge/Hold
| Status=Not/Inst/Conf-files/Unpacked/halF-conf/Half-inst/trig-aWait/Trig-pend
|/ Err?=(none)/Reinst-required (Status,Err: uppercase=bad)
||/ Name                  Version       Architecture Description
+++-=====================-=============-============-==============================================
ii  libxcb-sync-dev:amd64 1.15-1ubuntu2 amd64        X C Binding, sync extension, development files
2025-07-14 21:45:34,060 - INFO - Running command: dpkg -l libxcb-xfixes0-dev
2025-07-14 21:45:34,081 - INFO - Command succeeded: dpkg -l libxcb-xfixes0-dev
2025-07-14 21:45:34,083 - DEBUG - STDOUT: Desired=Unknown/Install/Remove/Purge/Hold
| Status=Not/Inst/Conf-files/Unpacked/halF-conf/Half-inst/trig-aWait/Trig-pend
|/ Err?=(none)/Reinst-required (Status,Err: uppercase=bad)
||/ Name                     Version       Architecture Description
+++-========================-=============-============-================================================
ii  libxcb-xfixes0-dev:amd64 1.15-1ubuntu2 amd64        X C Binding, xfixes extension, development files
2025-07-14 21:45:34,087 - INFO - Running command: dpkg -l libxcb-shape0-dev
2025-07-14 21:45:34,108 - INFO - Command succeeded: dpkg -l libxcb-shape0-dev
2025-07-14 21:45:34,110 - DEBUG - STDOUT: Desired=Unknown/Install/Remove/Purge/Hold
| Status=Not/Inst/Conf-files/Unpacked/halF-conf/Half-inst/trig-aWait/Trig-pend
|/ Err?=(none)/Reinst-required (Status,Err: uppercase=bad)
||/ Name                    Version       Architecture Description
+++-=======================-=============-============-===============================================
ii  libxcb-shape0-dev:amd64 1.15-1ubuntu2 amd64        X C Binding, shape extension, development files
2025-07-14 21:45:34,114 - INFO - Running command: dpkg -l libxcb-randr0-dev
2025-07-14 21:45:34,136 - INFO - Command succeeded: dpkg -l libxcb-randr0-dev
2025-07-14 21:45:34,138 - DEBUG - STDOUT: Desired=Unknown/Install/Remove/Purge/Hold
| Status=Not/Inst/Conf-files/Unpacked/halF-conf/Half-inst/trig-aWait/Trig-pend
|/ Err?=(none)/Reinst-required (Status,Err: uppercase=bad)
||/ Name                    Version       Architecture Description
+++-=======================-=============-============-===============================================
ii  libxcb-randr0-dev:amd64 1.15-1ubuntu2 amd64        X C Binding, randr extension, development files
2025-07-14 21:45:34,141 - INFO - Running command: dpkg -l libxcb-render-util0-dev
2025-07-14 21:45:34,164 - INFO - Command succeeded: dpkg -l libxcb-render-util0-dev
2025-07-14 21:45:34,166 - DEBUG - STDOUT: Desired=Unknown/Install/Remove/Purge/Hold
| Status=Not/Inst/Conf-files/Unpacked/halF-conf/Half-inst/trig-aWait/Trig-pend
|/ Err?=(none)/Reinst-required (Status,Err: uppercase=bad)
||/ Name                          Version       Architecture Description
+++-=============================-=============-============-================================================
ii  libxcb-render-util0-dev:amd64 0.3.9-1build4 amd64        utility libraries for X C Binding -- render-util
2025-07-14 21:45:34,172 - INFO - Running command: sudo apt install -y libqt6core6 libqt6gui6 libqt6widgets6 libqt6network6 libqt6xml6 libfreetype6-dev
2025-07-14 21:45:36,149 - INFO - Command succeeded: sudo apt install -y libqt6core6 libqt6gui6 libqt6widgets6 libqt6network6 libqt6xml6 libfreetype6-dev
2025-07-14 21:45:36,153 - INFO - Running command: /usr/lib/qt6/bin/qmake6 -version
2025-07-14 21:45:36,162 - INFO - Command succeeded: /usr/lib/qt6/bin/qmake6 -version
2025-07-14 21:45:36,163 - DEBUG - STDOUT: QMake version 3.1
Using Qt version 6.4.2 in /usr/lib/x86_64-linux-gnu
2025-07-14 21:45:36,169 - INFO - Running command: cmake -G Unix Makefiles -DCMAKE_BUILD_TYPE=Release -DCMAKE_EXPORT_COMPILE_COMMANDS=ON /app/qt6_project -DCMAKE_PREFIX_PATH=/usr/lib/qt6
2025-07-14 21:45:36,171 - INFO - Working directory: /app/qt6_project/build
2025-07-14 21:45:36,641 - ERROR - Command failed with code 1: cmake -G Unix Makefiles -DCMAKE_BUILD_TYPE=Release -DCMAKE_EXPORT_COMPILE_COMMANDS=ON /app/qt6_project -DCMAKE_PREFIX_PATH=/usr/lib/qt6
