2025-07-14 21:33:50,955 - INFO - Build session started - Log file: /app/qt6_project/logs/build_20250714_213350.log
2025-07-14 21:33:50,961 - INFO - Project directory: /app/qt6_project
2025-07-14 21:33:50,967 - INFO - CMakeLists.txt found: /app/qt6_project/CMakeLists.txt
2025-07-14 21:33:50,969 - INFO - Running command: cmake --version
2025-07-14 21:33:50,970 - INFO - Working directory: /app/qt6_project
2025-07-14 21:33:50,991 - DEBUG - STDOUT:
cmake version 3.28.3

CMake suite maintained and supported by Kitware (kitware.com/cmake).
2025-07-14 21:33:50,993 - INFO - Command succeeded: cmake --version
2025-07-14 21:33:50,997 - INFO - All prerequisites verified successfully
2025-07-14 21:33:51,000 - INFO - Created build directory: /app/qt6_project/build
2025-07-14 21:33:51,003 - INFO - Running command: cmake .. -DCMAKE_BUILD_TYPE=Release
2025-07-14 21:33:51,004 - INFO - Working directory: /app/qt6_project/build
2025-07-14 21:33:53,372 - DEBUG - STDOUT:
-- The CXX compiler identification is GNU 13.3.0
-- Detecting CXX compiler ABI info
-- Detecting CXX compiler ABI info - done
-- Check for working CXX compiler: /usr/bin/c++ - skipped
-- Detecting CXX compile features
-- Detecting CXX compile features - done
-- Configuring incomplete, errors occurred!
2025-07-14 21:33:53,374 - WARNING - STDERR:
CMake Error at CMakeLists.txt:58 (qt_standard_project_setup):
  Unknown CMake command "qt_standard_project_setup".
2025-07-14 21:33:53,377 - ERROR - Command failed: cmake .. -DCMAKE_BUILD_TYPE=Release (exit code: 1)
2025-07-14 21:33:53,383 - INFO - Build completed in 2.4 seconds
2025-07-14 21:33:53,384 - INFO - Final status: FAILED
2025-07-14 21:33:53,385 - INFO - Log file saved to: /app/qt6_project/logs/build_20250714_213350.log
