2025-07-14 21:43:39,042 - INFO - Running command: sudo apt update
2025-07-14 21:43:48,390 - INFO - Command succeeded: sudo apt update
2025-07-14 21:43:48,396 - INFO - Running command: dpkg -l build-essential
2025-07-14 21:43:48,459 - INFO - Command succeeded: dpkg -l build-essential
2025-07-14 21:43:48,462 - DEBUG - STDOUT: Desired=Unknown/Install/Remove/Purge/Hold
| Status=Not/Inst/Conf-files/Unpacked/halF-conf/Half-inst/trig-aWait/Trig-pend
|/ Err?=(none)/Reinst-required (Status,Err: uppercase=bad)
||/ Name            Version      Architecture Description
+++-===============-============-============-==============================================
ii  build-essential 12.10ubuntu1 amd64        Informational list of build-essential packages
2025-07-14 21:43:48,465 - INFO - Running command: dpkg -l cmake
2025-07-14 21:43:48,486 - INFO - Command succeeded: dpkg -l cmake
2025-07-14 21:43:48,488 - DEBUG - STDOUT: Desired=Unknown/Install/Remove/Purge/Hold
| Status=Not/Inst/Conf-files/Unpacked/halF-conf/Half-inst/trig-aWait/Trig-pend
|/ Err?=(none)/Reinst-required (Status,Err: uppercase=bad)
||/ Name           Version        Architecture Description
+++-==============-==============-============-=======================================
ii  cmake          3.28.3-1build7 amd64        cross-platform, open-source make system
2025-07-14 21:43:48,491 - INFO - Running command: dpkg -l git
2025-07-14 21:43:48,511 - INFO - Command succeeded: dpkg -l git
2025-07-14 21:43:48,513 - DEBUG - STDOUT: Desired=Unknown/Install/Remove/Purge/Hold
| Status=Not/Inst/Conf-files/Unpacked/halF-conf/Half-inst/trig-aWait/Trig-pend
|/ Err?=(none)/Reinst-required (Status,Err: uppercase=bad)
||/ Name           Version                       Architecture Description
+++-==============-=============================-============-===================================================
ii  git            1:2.49.0-2~ppa1~ubuntu24.04.1 amd64        fast, scalable, distributed revision control system
2025-07-14 21:43:48,517 - INFO - Running command: dpkg -l pkg-config
2025-07-14 21:43:48,537 - INFO - Command succeeded: dpkg -l pkg-config
2025-07-14 21:43:48,539 - DEBUG - STDOUT: Desired=Unknown/Install/Remove/Purge/Hold
| Status=Not/Inst/Conf-files/Unpacked/halF-conf/Half-inst/trig-aWait/Trig-pend
|/ Err?=(none)/Reinst-required (Status,Err: uppercase=bad)
||/ Name             Version       Architecture Description
+++-================-=============-============-==================================================================
ii  pkg-config:amd64 1.8.1-2build1 amd64        manage compile and link flags for libraries (transitional package)
2025-07-14 21:43:48,543 - INFO - Running command: dpkg -l qt6-base-dev
2025-07-14 21:43:48,562 - ERROR - Command failed with code 1: dpkg -l qt6-base-dev
2025-07-14 21:43:48,565 - ERROR - STDERR: dpkg-query: no packages found matching qt6-base-dev
2025-07-14 21:43:48,567 - INFO - Running command: dpkg -l qt6-tools-dev
2025-07-14 21:43:48,587 - ERROR - Command failed with code 1: dpkg -l qt6-tools-dev
2025-07-14 21:43:48,590 - ERROR - STDERR: dpkg-query: no packages found matching qt6-tools-dev
2025-07-14 21:43:48,592 - INFO - Running command: dpkg -l qt6-tools-dev-tools
2025-07-14 21:43:48,612 - ERROR - Command failed with code 1: dpkg -l qt6-tools-dev-tools
2025-07-14 21:43:48,614 - ERROR - STDERR: dpkg-query: no packages found matching qt6-tools-dev-tools
2025-07-14 21:43:48,616 - INFO - Running command: dpkg -l libqt6core6
2025-07-14 21:43:48,636 - ERROR - Command failed with code 1: dpkg -l libqt6core6
2025-07-14 21:43:48,638 - ERROR - STDERR: dpkg-query: no packages found matching libqt6core6
2025-07-14 21:43:48,640 - INFO - Running command: dpkg -l libqt6gui6
2025-07-14 21:43:48,660 - ERROR - Command failed with code 1: dpkg -l libqt6gui6
2025-07-14 21:43:48,663 - ERROR - STDERR: dpkg-query: no packages found matching libqt6gui6
2025-07-14 21:43:48,665 - INFO - Running command: dpkg -l libqt6widgets6
2025-07-14 21:43:48,684 - ERROR - Command failed with code 1: dpkg -l libqt6widgets6
2025-07-14 21:43:48,687 - ERROR - STDERR: dpkg-query: no packages found matching libqt6widgets6
2025-07-14 21:43:48,689 - INFO - Running command: dpkg -l libqt6network6
2025-07-14 21:43:48,709 - ERROR - Command failed with code 1: dpkg -l libqt6network6
2025-07-14 21:43:48,711 - ERROR - STDERR: dpkg-query: no packages found matching libqt6network6
2025-07-14 21:43:48,713 - INFO - Running command: dpkg -l libqt6xml6
2025-07-14 21:43:48,733 - ERROR - Command failed with code 1: dpkg -l libqt6xml6
2025-07-14 21:43:48,735 - ERROR - STDERR: dpkg-query: no packages found matching libqt6xml6
2025-07-14 21:43:48,737 - INFO - Running command: dpkg -l qt6-qpa-plugins
2025-07-14 21:43:48,757 - ERROR - Command failed with code 1: dpkg -l qt6-qpa-plugins
2025-07-14 21:43:48,760 - ERROR - STDERR: dpkg-query: no packages found matching qt6-qpa-plugins
2025-07-14 21:43:48,762 - INFO - Running command: dpkg -l libgl1-mesa-dev
2025-07-14 21:43:48,782 - ERROR - Command failed with code 1: dpkg -l libgl1-mesa-dev
2025-07-14 21:43:48,784 - ERROR - STDERR: dpkg-query: no packages found matching libgl1-mesa-dev
2025-07-14 21:43:48,786 - INFO - Running command: dpkg -l libglu1-mesa-dev
2025-07-14 21:43:48,806 - ERROR - Command failed with code 1: dpkg -l libglu1-mesa-dev
2025-07-14 21:43:48,808 - ERROR - STDERR: dpkg-query: no packages found matching libglu1-mesa-dev
2025-07-14 21:43:48,810 - INFO - Running command: dpkg -l libxkbcommon-dev
2025-07-14 21:43:48,830 - ERROR - Command failed with code 1: dpkg -l libxkbcommon-dev
2025-07-14 21:43:48,832 - ERROR - STDERR: dpkg-query: no packages found matching libxkbcommon-dev
2025-07-14 21:43:48,834 - INFO - Running command: dpkg -l libxcb-xinerama0-dev
2025-07-14 21:43:48,855 - ERROR - Command failed with code 1: dpkg -l libxcb-xinerama0-dev
2025-07-14 21:43:48,857 - ERROR - STDERR: dpkg-query: no packages found matching libxcb-xinerama0-dev
2025-07-14 21:43:48,859 - INFO - Running command: dpkg -l libxcb-cursor-dev
2025-07-14 21:43:48,879 - ERROR - Command failed with code 1: dpkg -l libxcb-cursor-dev
2025-07-14 21:43:48,881 - ERROR - STDERR: dpkg-query: no packages found matching libxcb-cursor-dev
2025-07-14 21:43:48,883 - INFO - Running command: dpkg -l libfontconfig1-dev
2025-07-14 21:43:48,903 - INFO - Command succeeded: dpkg -l libfontconfig1-dev
2025-07-14 21:43:48,905 - DEBUG - STDOUT: Desired=Unknown/Install/Remove/Purge/Hold
| Status=Not/Inst/Conf-files/Unpacked/halF-conf/Half-inst/trig-aWait/Trig-pend
|/ Err?=(none)/Reinst-required (Status,Err: uppercase=bad)
||/ Name                     Version           Architecture Description
+++-========================-=================-============-==================================================
ii  libfontconfig1-dev:amd64 2.15.0-1.1ubuntu2 amd64        generic font configuration library - dummy package
2025-07-14 21:43:48,908 - INFO - Running command: dpkg -l libfreetype6-dev
2025-07-14 21:43:48,929 - INFO - Command succeeded: dpkg -l libfreetype6-dev
2025-07-14 21:43:48,931 - DEBUG - STDOUT: Desired=Unknown/Install/Remove/Purge/Hold
| Status=Not/Inst/Conf-files/Unpacked/halF-conf/Half-inst/trig-aWait/Trig-pend
|/ Err?=(none)/Reinst-required (Status,Err: uppercase=bad)
||/ Name             Version      Architecture Description
+++-================-============-============-=================================
un  libfreetype6-dev <none>       <none>       (no description available)
2025-07-14 21:43:48,934 - INFO - Running command: dpkg -l libx11-dev
2025-07-14 21:43:48,955 - INFO - Command succeeded: dpkg -l libx11-dev
2025-07-14 21:43:48,957 - DEBUG - STDOUT: Desired=Unknown/Install/Remove/Purge/Hold
| Status=Not/Inst/Conf-files/Unpacked/halF-conf/Half-inst/trig-aWait/Trig-pend
|/ Err?=(none)/Reinst-required (Status,Err: uppercase=bad)
||/ Name             Version         Architecture Description
+++-================-===============-============-=============================================
ii  libx11-dev:amd64 2:1.8.7-1build1 amd64        X11 client-side library (development headers)
2025-07-14 21:43:48,960 - INFO - Running command: dpkg -l libxext-dev
2025-07-14 21:43:48,981 - INFO - Command succeeded: dpkg -l libxext-dev
2025-07-14 21:43:48,983 - DEBUG - STDOUT: Desired=Unknown/Install/Remove/Purge/Hold
| Status=Not/Inst/Conf-files/Unpacked/halF-conf/Half-inst/trig-aWait/Trig-pend
|/ Err?=(none)/Reinst-required (Status,Err: uppercase=bad)
||/ Name              Version         Architecture Description
+++-=================-===============-============-==========================================================
ii  libxext-dev:amd64 2:1.3.4-1build2 amd64        X11 miscellaneous extensions library (development headers)
2025-07-14 21:43:48,986 - INFO - Running command: dpkg -l libxfixes-dev
2025-07-14 21:43:49,007 - ERROR - Command failed with code 1: dpkg -l libxfixes-dev
2025-07-14 21:43:49,009 - ERROR - STDERR: dpkg-query: no packages found matching libxfixes-dev
2025-07-14 21:43:49,011 - INFO - Running command: dpkg -l libxi-dev
2025-07-14 21:43:49,031 - ERROR - Command failed with code 1: dpkg -l libxi-dev
2025-07-14 21:43:49,033 - ERROR - STDERR: dpkg-query: no packages found matching libxi-dev
2025-07-14 21:43:49,035 - INFO - Running command: dpkg -l libxrender-dev
2025-07-14 21:43:49,055 - INFO - Command succeeded: dpkg -l libxrender-dev
2025-07-14 21:43:49,058 - DEBUG - STDOUT: Desired=Unknown/Install/Remove/Purge/Hold
| Status=Not/Inst/Conf-files/Unpacked/halF-conf/Half-inst/trig-aWait/Trig-pend
|/ Err?=(none)/Reinst-required (Status,Err: uppercase=bad)
||/ Name                 Version            Architecture Description
+++-====================-==================-============-========================================================
ii  libxrender-dev:amd64 1:0.9.10-1.1build1 amd64        X Rendering Extension client library (development files)
2025-07-14 21:43:49,061 - INFO - Running command: dpkg -l libxcb1-dev
2025-07-14 21:43:49,081 - INFO - Command succeeded: dpkg -l libxcb1-dev
2025-07-14 21:43:49,083 - DEBUG - STDOUT: Desired=Unknown/Install/Remove/Purge/Hold
| Status=Not/Inst/Conf-files/Unpacked/halF-conf/Half-inst/trig-aWait/Trig-pend
|/ Err?=(none)/Reinst-required (Status,Err: uppercase=bad)
||/ Name              Version       Architecture Description
+++-=================-=============-============-=================================
ii  libxcb1-dev:amd64 1.15-1ubuntu2 amd64        X C Binding, development files
2025-07-14 21:43:49,087 - INFO - Running command: dpkg -l libx11-xcb-dev
2025-07-14 21:43:49,107 - ERROR - Command failed with code 1: dpkg -l libx11-xcb-dev
2025-07-14 21:43:49,109 - ERROR - STDERR: dpkg-query: no packages found matching libx11-xcb-dev
2025-07-14 21:43:49,111 - INFO - Running command: dpkg -l libxcb-glx0-dev
2025-07-14 21:43:49,131 - ERROR - Command failed with code 1: dpkg -l libxcb-glx0-dev
2025-07-14 21:43:49,134 - ERROR - STDERR: dpkg-query: no packages found matching libxcb-glx0-dev
2025-07-14 21:43:49,136 - INFO - Running command: dpkg -l libxcb-keysyms1-dev
2025-07-14 21:43:49,156 - ERROR - Command failed with code 1: dpkg -l libxcb-keysyms1-dev
2025-07-14 21:43:49,159 - ERROR - STDERR: dpkg-query: no packages found matching libxcb-keysyms1-dev
2025-07-14 21:43:49,161 - INFO - Running command: dpkg -l libxcb-image0-dev
2025-07-14 21:43:49,181 - ERROR - Command failed with code 1: dpkg -l libxcb-image0-dev
2025-07-14 21:43:49,183 - ERROR - STDERR: dpkg-query: no packages found matching libxcb-image0-dev
2025-07-14 21:43:49,185 - INFO - Running command: dpkg -l libxcb-shm0-dev
2025-07-14 21:43:49,205 - ERROR - Command failed with code 1: dpkg -l libxcb-shm0-dev
2025-07-14 21:43:49,208 - ERROR - STDERR: dpkg-query: no packages found matching libxcb-shm0-dev
2025-07-14 21:43:49,210 - INFO - Running command: dpkg -l libxcb-icccm4-dev
2025-07-14 21:43:49,230 - ERROR - Command failed with code 1: dpkg -l libxcb-icccm4-dev
2025-07-14 21:43:49,232 - ERROR - STDERR: dpkg-query: no packages found matching libxcb-icccm4-dev
2025-07-14 21:43:49,234 - INFO - Running command: dpkg -l libxcb-sync-dev
2025-07-14 21:43:49,254 - ERROR - Command failed with code 1: dpkg -l libxcb-sync-dev
2025-07-14 21:43:49,256 - ERROR - STDERR: dpkg-query: no packages found matching libxcb-sync-dev
2025-07-14 21:43:49,259 - INFO - Running command: dpkg -l libxcb-xfixes0-dev
2025-07-14 21:43:49,279 - ERROR - Command failed with code 1: dpkg -l libxcb-xfixes0-dev
2025-07-14 21:43:49,281 - ERROR - STDERR: dpkg-query: no packages found matching libxcb-xfixes0-dev
2025-07-14 21:43:49,283 - INFO - Running command: dpkg -l libxcb-shape0-dev
2025-07-14 21:43:49,304 - ERROR - Command failed with code 1: dpkg -l libxcb-shape0-dev
2025-07-14 21:43:49,306 - ERROR - STDERR: dpkg-query: no packages found matching libxcb-shape0-dev
2025-07-14 21:43:49,308 - INFO - Running command: dpkg -l libxcb-randr0-dev
2025-07-14 21:43:49,328 - ERROR - Command failed with code 1: dpkg -l libxcb-randr0-dev
2025-07-14 21:43:49,331 - ERROR - STDERR: dpkg-query: no packages found matching libxcb-randr0-dev
2025-07-14 21:43:49,333 - INFO - Running command: dpkg -l libxcb-render-util0-dev
2025-07-14 21:43:49,353 - ERROR - Command failed with code 1: dpkg -l libxcb-render-util0-dev
2025-07-14 21:43:49,356 - ERROR - STDERR: dpkg-query: no packages found matching libxcb-render-util0-dev
2025-07-14 21:43:49,361 - INFO - Running command: sudo apt install -y qt6-base-dev qt6-tools-dev qt6-tools-dev-tools libqt6core6 libqt6gui6 libqt6widgets6 libqt6network6 libqt6xml6 qt6-qpa-plugins libgl1-mesa-dev libglu1-mesa-dev libxkbcommon-dev libxcb-xinerama0-dev libxcb-cursor-dev libfreetype6-dev libxfixes-dev libxi-dev libx11-xcb-dev libxcb-glx0-dev libxcb-keysyms1-dev libxcb-image0-dev libxcb-shm0-dev libxcb-icccm4-dev libxcb-sync-dev libxcb-xfixes0-dev libxcb-shape0-dev libxcb-randr0-dev libxcb-render-util0-dev
2025-07-14 21:44:24,833 - INFO - Command succeeded: sudo apt install -y qt6-base-dev qt6-tools-dev qt6-tools-dev-tools libqt6core6 libqt6gui6 libqt6widgets6 libqt6network6 libqt6xml6 qt6-qpa-plugins libgl1-mesa-dev libglu1-mesa-dev libxkbcommon-dev libxcb-xinerama0-dev libxcb-cursor-dev libfreetype6-dev libxfixes-dev libxi-dev libx11-xcb-dev libxcb-glx0-dev libxcb-keysyms1-dev libxcb-image0-dev libxcb-shm0-dev libxcb-icccm4-dev libxcb-sync-dev libxcb-xfixes0-dev libxcb-shape0-dev libxcb-randr0-dev libxcb-render-util0-dev
2025-07-14 21:44:24,837 - INFO - Running command: /usr/lib/qt6/bin/qmake6 -version
2025-07-14 21:44:24,883 - INFO - Command succeeded: /usr/lib/qt6/bin/qmake6 -version
2025-07-14 21:44:24,884 - DEBUG - STDOUT: QMake version 3.1
Using Qt version 6.4.2 in /usr/lib/x86_64-linux-gnu
2025-07-14 21:44:24,891 - INFO - Running command: cmake -G Unix Makefiles -DCMAKE_BUILD_TYPE=Release -DCMAKE_EXPORT_COMPILE_COMMANDS=ON /app/qt6_project -DCMAKE_PREFIX_PATH /usr/lib/qt6
2025-07-14 21:44:24,892 - INFO - Working directory: /app/qt6_project/build
2025-07-14 21:44:24,959 - ERROR - Command failed with code 1: cmake -G Unix Makefiles -DCMAKE_BUILD_TYPE=Release -DCMAKE_EXPORT_COMPILE_COMMANDS=ON /app/qt6_project -DCMAKE_PREFIX_PATH /usr/lib/qt6
